[debug] [2022-03-27T00:01:15.246Z] ----------------------------------------------------------------------
[debug] [2022-03-27T00:01:15.247Z] Command:       /usr/local/bin/node /usr/local/bin/firebase serve
[debug] [2022-03-27T00:01:15.247Z] CLI Version:   10.4.0
[debug] [2022-03-27T00:01:15.247Z] Platform:      darwin
[debug] [2022-03-27T00:01:15.247Z] Node Version:  v16.14.2
[debug] [2022-03-27T00:01:15.248Z] Time:          Sat Mar 26 2022 17:01:15 GMT-0700 (Pacific Daylight Time)
[debug] [2022-03-27T00:01:15.248Z] ----------------------------------------------------------------------
[debug] 
[debug] [2022-03-27T00:01:15.277Z] > command requires scopes: ["email","openid","https://www.googleapis.com/auth/cloudplatformprojects.readonly","https://www.googleapis.com/auth/firebase","https://www.googleapis.com/auth/cloud-platform"]
[debug] [2022-03-27T00:01:15.277Z] > authorizing via signed-in user (weikequ@gmail.com)
[debug] [2022-03-27T00:01:15.277Z] [iam] checking project yogavision-f9373 for permissions ["firebase.projects.get"]
[debug] [2022-03-27T00:01:15.278Z] >>> [apiv2][query] POST https://cloudresourcemanager.googleapis.com/v1/projects/yogavision-f9373:testIamPermissions [none]
[debug] [2022-03-27T00:01:15.278Z] >>> [apiv2][body] POST https://cloudresourcemanager.googleapis.com/v1/projects/yogavision-f9373:testIamPermissions {"permissions":["firebase.projects.get"]}
[debug] [2022-03-27T00:01:15.373Z] <<< [apiv2][status] POST https://cloudresourcemanager.googleapis.com/v1/projects/yogavision-f9373:testIamPermissions 200
[debug] [2022-03-27T00:01:15.373Z] <<< [apiv2][body] POST https://cloudresourcemanager.googleapis.com/v1/projects/yogavision-f9373:testIamPermissions {"permissions":["firebase.projects.get"]}
[debug] [2022-03-27T00:01:15.374Z] >>> [apiv2][query] GET https://firebase.googleapis.com/v1beta1/projects/yogavision-f9373 [none]
[debug] [2022-03-27T00:01:15.538Z] <<< [apiv2][status] GET https://firebase.googleapis.com/v1beta1/projects/yogavision-f9373 200
[debug] [2022-03-27T00:01:15.538Z] <<< [apiv2][body] GET https://firebase.googleapis.com/v1beta1/projects/yogavision-f9373 {"projectId":"yogavision-f9373","projectNumber":"1057364675544","displayName":"yogavision","name":"projects/yogavision-f9373","resources":{"hostingSite":"yogavision-f9373"},"state":"ACTIVE"}
[info] 
[info] === Serving from '/Users/weikequ/projects/yogavision'...
[info] 
[debug] [2022-03-27T00:01:15.540Z] >>> [apiv2][query] GET https://firebasehosting.googleapis.com/v1beta1/projects/yogavision-f9373/sites 
[debug] [2022-03-27T00:01:15.972Z] <<< [apiv2][status] GET https://firebasehosting.googleapis.com/v1beta1/projects/yogavision-f9373/sites 200
[debug] [2022-03-27T00:01:15.972Z] <<< [apiv2][body] GET https://firebasehosting.googleapis.com/v1beta1/projects/yogavision-f9373/sites {"sites":[{"name":"projects/1057364675544/sites/yogavision-f9373","defaultUrl":"https://yogavision-f9373.web.app","appId":"1:1057364675544:web:640b15adb142be87d400ad","type":"DEFAULT_SITE"}]}
[debug] [2022-03-27T00:01:15.972Z] >>> [apiv2][query] GET https://firebase.googleapis.com/v1beta1/projects/yogavision-f9373/webApps/1:1057364675544:web:640b15adb142be87d400ad/config [none]
[debug] [2022-03-27T00:01:16.334Z] <<< [apiv2][status] GET https://firebase.googleapis.com/v1beta1/projects/yogavision-f9373/webApps/1:1057364675544:web:640b15adb142be87d400ad/config 200
[debug] [2022-03-27T00:01:16.334Z] <<< [apiv2][body] GET https://firebase.googleapis.com/v1beta1/projects/yogavision-f9373/webApps/1:1057364675544:web:640b15adb142be87d400ad/config {"projectId":"yogavision-f9373","appId":"1:1057364675544:web:640b15adb142be87d400ad","storageBucket":"yogavision-f9373.appspot.com","apiKey":"AIzaSyD2Y_ECHLvLzBE-G-0vqZS9EMikz8o2-to","authDomain":"yogavision-f9373.firebaseapp.com","messagingSenderId":"1057364675544"}
[info] i  hosting: Serving hosting files from: build {"metadata":{"emulator":{"name":"hosting"},"message":"Serving hosting files from: \u001b[1mbuild\u001b[22m"}}
[info] ✔  hosting: Local server: http://localhost:5000 {"metadata":{"emulator":{"name":"hosting"},"message":"Local server: \u001b[4m\u001b[1mhttp://localhost:5000\u001b[22m\u001b[24m"}}
